a
v
se
na
je
že
o
s
z
do
i
to
k
ve
pro
za
by
ale
si
po
jako
podle
od
jsem
tak
jsou
které
který
jeho
však
bude
nebo
už
jen
byl
jak
u
co
při
až
aby
má
když
než
ze
která
před
být
také
bylo
jsme
není
jejich
ještě
ani
mezi
byla
své
již
pak
kteří
další
proti
tím
může
řekl
tom
kde
či
tedy
pouze
te
tu
ten
tam
té
kdy
asi
ho
abych
on
ona
ono
mu
jemu
mnou
mě
mně
ke
byli
tyto
svou
my
vy
oni
já
ty
jimi
jim
tento
tato
toto
tito
kam
protože
bych
bychom
teď
opravdu
takže
no
tady
ji
třeba
toho
vlastně
mám
máme
máte
ta
ti
to
mi
dát
zase
právě
zatím
tuhle
